<?xml version="1.0" encoding="UTF-8"?>
<!-- Generated by org.testng.reporters.JUnitReportReporter -->
<testsuite hostname="azharkadri-HP-Laptop-15-bs0xx" failures="0" tests="3" name="testng.GoogleTest" time="10.250" errors="0" timestamp="2019-11-24T23:47:43 IST" skipped="0">
  <testcase classname="testng.GoogleTest" name="googleTitleTest" time="3.163"/>
  <testcase classname="testng.GoogleTest" name="googleLogoTest" time="4.365"/>
  <testcase classname="testng.GoogleTest" name="searchTest" time="2.722"/>
</testsuite> <!-- testng.GoogleTest -->
