<?xml version="1.0" encoding="UTF-8"?>
<!-- Generated by org.testng.reporters.JUnitReportReporter -->
<testsuite hostname="azharkadri-HP-Laptop-15-bs0xx" failures="0" tests="7" name="com.tdd.hybrid.LinkedinLoginTest" time="53.173" errors="0" timestamp="2020-01-20T19:19:27 IST" skipped="0">
  <testcase classname="com.tdd.hybrid.LinkedinLoginTest" name="linkedLoginTest" time="7.557"/>
  <testcase classname="com.tdd.hybrid.LinkedinLoginTest" name="linkedLoginTest" time="11.304"/>
  <testcase classname="com.tdd.hybrid.LinkedinLoginTest" name="linkedLoginTest" time="4.408"/>
  <testcase classname="com.tdd.hybrid.LinkedinLoginTest" name="linkedLoginTest" time="11.677"/>
  <testcase classname="com.tdd.hybrid.LinkedinLoginTest" name="linkedLoginTest" time="8.351"/>
  <testcase classname="com.tdd.hybrid.LinkedinLoginTest" name="linkedLoginTest" time="5.619"/>
  <testcase classname="com.tdd.hybrid.LinkedinLoginTest" name="linkedLoginTest" time="4.257"/>
</testsuite> <!-- com.tdd.hybrid.LinkedinLoginTest -->
