<?xml version="1.0" encoding="UTF-8"?>
<!-- Generated by org.testng.reporters.JUnitReportReporter -->
<testsuite hostname="azharkadri-HP-Laptop-15-bs0xx" failures="0" tests="3" name="testng.DemoTestNG" time="0.012" errors="0" timestamp="2019-11-23T22:41:26 IST" skipped="0">
  <testcase classname="testng.DemoTestNG" name="searchTest" time="0.002"/>
  <testcase classname="testng.DemoTestNG" name="googleTitleTest" time="0.002"/>
  <testcase classname="testng.DemoTestNG" name="googleLogoTest" time="0.008"/>
</testsuite> <!-- testng.DemoTestNG -->
