<?xml version="1.0" encoding="UTF-8"?>
<!-- Generated by org.testng.reporters.JUnitReportReporter -->
<testsuite hostname="azharkadri-HP-Laptop-15-bs0xx" failures="0" tests="1" name="com.api.restAPI.TestDemoAPI" time="1.233" errors="0" timestamp="2019-12-05T22:17:02 IST" skipped="0">
  <testcase classname="com.api.restAPI.TestDemoAPI" name="TestDemoAPI1" time="1.233"/>
</testsuite> <!-- com.api.restAPI.TestDemoAPI -->
