<?xml version="1.0" encoding="UTF-8"?>
<!-- Generated by org.testng.reporters.JUnitReportReporter -->
<testsuite hostname="azharkadri-HP-Laptop-15-bs0xx" failures="0" tests="1" name="testng.DemoParametersWithLinkedin" time="18.006" errors="0" timestamp="2019-12-13T14:35:29 IST" skipped="0">
  <testcase classname="testng.DemoParametersWithLinkedin" name="login" time="18.006"/>
</testsuite> <!-- testng.DemoParametersWithLinkedin -->
