<?xml version="1.0" encoding="UTF-8"?>
<!-- Generated by org.testng.reporters.JUnitReportReporter -->
<testsuite hostname="azharkadri-HP-Laptop-15-bs0xx" failures="0" tests="1" name="demoHtmlUnitDriver.DemoTestNG1Test" time="0.017" errors="0" timestamp="2019-11-08T10:22:40 IST" skipped="0">
  <testcase classname="demoHtmlUnitDriver.DemoTestNG1Test" name="f" time="0.017"/>
</testsuite> <!-- demoHtmlUnitDriver.DemoTestNG1Test -->
